<?xml version="1.0" encoding="UTF-8"?>
<!-- Generated by org.testng.reporters.JUnitReportReporter -->
<testsuite hostname="LAPTOP-HR3JTIVI" failures="2" tests="3" name="com.qa.runner.TestRunner" time="59.287" errors="0" timestamp="2024-06-29T18:42:55 IST" skipped="0">
  <testcase classname="com.qa.runner.TestRunner" name="runScenario" time="18.954"/>
  <testcase classname="com.qa.runner.TestRunner" name="runScenario" time="20.244">
    <failure message="expected [Epic sadface: Username and password do not match any user in this srevice] but found [Epic sadface: Username and password do not match any user in this service]" type="java.lang.AssertionError">
      <![CDATA[java.lang.AssertionError: expected [Epic sadface: Username and password do not match any user in this srevice] but found [Epic sadface: Username and password do not match any user in this service]
at org.testng.Assert.fail(Assert.java:111)
at org.testng.Assert.failNotEquals(Assert.java:1578)
at org.testng.Assert.assertEqualsImpl(Assert.java:150)
at org.testng.Assert.assertEquals(Assert.java:132)
at org.testng.Assert.assertEquals(Assert.java:656)
at org.testng.Assert.assertEquals(Assert.java:666)
at com.qa.stepdefinitions.LoginPageDefinition.user_should_display_error_message_as(LoginPageDefinition.java:70)
at ✽.User should display error message as "Epic sadface: Username and password do not match any user in this srevice"(file:///C:/Users/shreenethira/eclipse-workspace/CucumberTest/src/test/java/com/qa/features/LoginPage.feature:35)
]]>
    </failure>
  </testcase> <!-- runScenario -->
  <testcase classname="com.qa.runner.TestRunner" name="runScenario" time="20.089">
    <failure message="expected [Product] but found [Products]" type="java.lang.AssertionError">
      <![CDATA[java.lang.AssertionError: expected [Product] but found [Products]
at org.testng.Assert.fail(Assert.java:111)
at org.testng.Assert.failNotEquals(Assert.java:1578)
at org.testng.Assert.assertEqualsImpl(Assert.java:150)
at org.testng.Assert.assertEquals(Assert.java:132)
at org.testng.Assert.assertEquals(Assert.java:656)
at org.testng.Assert.assertEquals(Assert.java:666)
at com.qa.stepdefinitions.LoginPageDefinition.user_should_land_on_products_page(LoginPageDefinition.java:57)
at ✽.User should land on Products Page(file:///C:/Users/shreenethira/eclipse-workspace/CucumberTest/src/test/java/com/qa/features/LoginPage.feature:29)
]]>
    </failure>
  </testcase> <!-- runScenario -->
</testsuite> <!-- com.qa.runner.TestRunner -->
